{"level":"info","message":"✅ MongoDB connected successfully","service":"securevote-api","timestamp":"2025-10-08 19:47:53"}
{"level":"info","message":"✅ MongoDB connected successfully","service":"securevote-api","timestamp":"2025-10-08 20:01:16"}
{"level":"info","message":"✅ MongoDB connected successfully","service":"securevote-api","timestamp":"2025-10-08 20:11:32"}
{"level":"info","message":"✅ MongoDB connected successfully","service":"securevote-api","timestamp":"2025-10-08 20:13:44"}
{"level":"info","message":"🚀 Server running on port 5001","service":"securevote-api","timestamp":"2025-10-08 20:13:44"}
{"level":"info","message":"📊 Environment: undefined","service":"securevote-api","timestamp":"2025-10-08 20:13:44"}
{"level":"info","message":"🔗 API: http://localhost:5001","service":"securevote-api","timestamp":"2025-10-08 20:13:44"}
{"level":"info","message":"::1 - - [08/Oct/2025:14:44:24 +0000] \"GET / HTTP/1.1\" 404 45 \"-\" \"Mozilla/5.0 (Macintosh; Intel Mac OS X 10_15_7) AppleWebKit/537.36 (KHTML, like Gecko) Chrome/140.0.0.0 Safari/537.36\"","service":"securevote-api","timestamp":"2025-10-08 20:14:24"}
{"level":"info","message":"::1 - - [08/Oct/2025:14:44:24 +0000] \"GET /favicon.ico HTTP/1.1\" 404 45 \"-\" \"Mozilla/5.0 (Macintosh; Intel Mac OS X 10_15_7) AppleWebKit/537.36 (KHTML, like Gecko) Chrome/140.0.0.0 Safari/537.36\"","service":"securevote-api","timestamp":"2025-10-08 20:14:24"}
{"level":"info","message":"✅ MongoDB connected successfully","service":"securevote-api","timestamp":"2025-10-08 20:24:10"}
{"level":"info","message":"✅ MongoDB connected successfully","service":"securevote-api","timestamp":"2025-10-08 20:25:52"}
{"level":"info","message":"✅ MongoDB connected successfully","service":"securevote-api","timestamp":"2025-10-08 20:26:20"}
{"level":"info","message":"✅ MongoDB connected successfully","service":"securevote-api","timestamp":"2025-10-08 20:26:42"}
{"level":"info","message":"✅ MongoDB connected successfully","service":"securevote-api","timestamp":"2025-10-08 20:27:15"}
{"level":"info","message":"🚀 Server running on port 5001","service":"securevote-api","timestamp":"2025-10-08 20:27:15"}
{"level":"info","message":"📊 Environment: undefined","service":"securevote-api","timestamp":"2025-10-08 20:27:15"}
{"level":"info","message":"🔗 API: http://localhost:5001","service":"securevote-api","timestamp":"2025-10-08 20:27:15"}
{"level":"info","message":"::1 - - [08/Oct/2025:14:57:29 +0000] \"GET / HTTP/1.1\" 404 45 \"-\" \"Mozilla/5.0 (Macintosh; Intel Mac OS X 10_15_7) AppleWebKit/537.36 (KHTML, like Gecko) Chrome/140.0.0.0 Safari/537.36\"","service":"securevote-api","timestamp":"2025-10-08 20:27:29"}
{"level":"info","message":"::1 - - [08/Oct/2025:14:57:30 +0000] \"GET / HTTP/1.1\" 404 45 \"-\" \"Mozilla/5.0 (Macintosh; Intel Mac OS X 10_15_7) AppleWebKit/537.36 (KHTML, like Gecko) Chrome/140.0.0.0 Safari/537.36\"","service":"securevote-api","timestamp":"2025-10-08 20:27:30"}
{"level":"info","message":"✅ MongoDB connected successfully","service":"securevote-api","timestamp":"2025-10-08 20:29:10"}
{"level":"info","message":"✅ MongoDB connected successfully","service":"securevote-api","timestamp":"2025-10-08 20:29:56"}
{"level":"info","message":"✅ MongoDB connected successfully","service":"securevote-api","timestamp":"2025-10-08 20:30:39"}
{"level":"info","message":"✅ MongoDB connected successfully","service":"securevote-api","timestamp":"2025-10-08 20:31:12"}
{"level":"info","message":"🚀 Server running on port 5001","service":"securevote-api","timestamp":"2025-10-08 20:31:12"}
{"level":"info","message":"📊 Environment: undefined","service":"securevote-api","timestamp":"2025-10-08 20:31:12"}
{"level":"info","message":"🔗 API: http://localhost:5001","service":"securevote-api","timestamp":"2025-10-08 20:31:12"}
{"level":"info","message":"::1 - - [08/Oct/2025:15:01:37 +0000] \"GET /health HTTP/1.1\" 200 76 \"-\" \"curl/8.7.1\"","service":"securevote-api","timestamp":"2025-10-08 20:31:37"}
{"level":"info","message":"✅ MongoDB connected successfully","service":"securevote-api","timestamp":"2025-10-08 21:14:41"}
{"level":"info","message":"✅ MongoDB connected successfully","service":"securevote-api","timestamp":"2025-10-08 21:16:13"}
{"level":"info","message":"✅ MongoDB connected successfully","service":"securevote-api","timestamp":"2025-10-08 21:58:58"}
{"level":"info","message":"✅ MongoDB connected successfully","service":"securevote-api","timestamp":"2025-10-08 22:00:13"}
{"level":"info","message":"✅ MongoDB connected successfully","service":"securevote-api","timestamp":"2025-10-08 22:01:11"}
{"level":"info","message":"🚀 Server running on port 5001","service":"securevote-api","timestamp":"2025-10-08 22:01:11"}
{"level":"info","message":"📊 Environment: development","service":"securevote-api","timestamp":"2025-10-08 22:01:11"}
{"level":"info","message":"🔗 API: http://localhost:5001","service":"securevote-api","timestamp":"2025-10-08 22:01:11"}
{"level":"info","message":"✅ MongoDB connected successfully","service":"securevote-api","timestamp":"2025-10-08 22:01:43"}
{"level":"info","message":"🚀 Server running on port 5001","service":"securevote-api","timestamp":"2025-10-08 22:01:43"}
{"level":"info","message":"📊 Environment: development","service":"securevote-api","timestamp":"2025-10-08 22:01:43"}
{"level":"info","message":"🔗 API: http://localhost:5001","service":"securevote-api","timestamp":"2025-10-08 22:01:43"}
{"level":"info","message":"✅ MongoDB connected successfully","service":"securevote-api","timestamp":"2025-10-08 22:02:23"}
{"level":"info","message":"🚀 Server running on port 5001","service":"securevote-api","timestamp":"2025-10-08 22:02:23"}
{"level":"info","message":"📊 Environment: development","service":"securevote-api","timestamp":"2025-10-08 22:02:23"}
{"level":"info","message":"🔗 API: http://localhost:5001","service":"securevote-api","timestamp":"2025-10-08 22:02:23"}
{"cause":{"commonWireVersion":0,"compatible":true,"heartbeatFrequencyMS":10000,"localThresholdMS":15,"logicalSessionTimeoutMinutes":null,"maxElectionId":null,"maxSetVersion":null,"servers":{"localhost:27017":{"$clusterTime":null,"address":"localhost:27017","arbiters":[],"electionId":null,"error":{"beforeHandshake":false,"errorLabelSet":{}},"hosts":[],"iscryptd":false,"lastUpdateTime":19411507,"lastWriteDate":0,"logicalSessionTimeoutMinutes":null,"maxBsonObjectSize":null,"maxMessageSizeBytes":null,"maxWireVersion":0,"maxWriteBatchSize":null,"me":null,"minRoundTripTime":0,"minWireVersion":0,"passives":[],"primary":null,"roundTripTime":-1,"setName":null,"setVersion":null,"tags":{},"topologyVersion":null,"type":"Unknown"}},"setName":null,"stale":false,"type":"Unknown"},"errorLabelSet":{},"level":"error","message":"connect ECONNREFUSED ::1:27017, connect ECONNREFUSED 127.0.0.1:27017","reason":{"commonWireVersion":0,"compatible":true,"heartbeatFrequencyMS":10000,"localThresholdMS":15,"logicalSessionTimeoutMinutes":null,"maxElectionId":null,"maxSetVersion":null,"servers":{"localhost:27017":{"$clusterTime":null,"address":"localhost:27017","arbiters":[],"electionId":null,"error":{"beforeHandshake":false,"errorLabelSet":{}},"hosts":[],"iscryptd":false,"lastUpdateTime":19411507,"lastWriteDate":0,"logicalSessionTimeoutMinutes":null,"maxBsonObjectSize":null,"maxMessageSizeBytes":null,"maxWireVersion":0,"maxWriteBatchSize":null,"me":null,"minRoundTripTime":0,"minWireVersion":0,"passives":[],"primary":null,"roundTripTime":-1,"setName":null,"setVersion":null,"tags":{},"topologyVersion":null,"type":"Unknown"}},"setName":null,"stale":false,"type":"Unknown"},"service":"securevote-api","stack":"MongooseServerSelectionError: connect ECONNREFUSED ::1:27017, connect ECONNREFUSED 127.0.0.1:27017\n    at _handleConnectionErrors (/Users/syedriyyan/block/voting_system/node_modules/.pnpm/mongoose@8.19.1/node_modules/mongoose/lib/connection.js:1165:11)\n    at NativeConnection.openUri (/Users/syedriyyan/block/voting_system/node_modules/.pnpm/mongoose@8.19.1/node_modules/mongoose/lib/connection.js:1096:11)\n    at async connectDatabase (/Users/syedriyyan/block/voting_system/apps/api/src/config/database.ts:15:5)\n    at async startServer (/Users/syedriyyan/block/voting_system/apps/api/src/index.ts:74:5)","timestamp":"2025-10-09 11:39:30"}
{"cause":{"commonWireVersion":0,"compatible":true,"heartbeatFrequencyMS":10000,"localThresholdMS":15,"logicalSessionTimeoutMinutes":null,"maxElectionId":null,"maxSetVersion":null,"servers":{"localhost:27017":{"$clusterTime":null,"address":"localhost:27017","arbiters":[],"electionId":null,"error":{"beforeHandshake":false,"errorLabelSet":{}},"hosts":[],"iscryptd":false,"lastUpdateTime":19742226,"lastWriteDate":0,"logicalSessionTimeoutMinutes":null,"maxBsonObjectSize":null,"maxMessageSizeBytes":null,"maxWireVersion":0,"maxWriteBatchSize":null,"me":null,"minRoundTripTime":0,"minWireVersion":0,"passives":[],"primary":null,"roundTripTime":-1,"setName":null,"setVersion":null,"tags":{},"topologyVersion":null,"type":"Unknown"}},"setName":null,"stale":false,"type":"Unknown"},"errorLabelSet":{},"level":"error","message":"connect ECONNREFUSED ::1:27017, connect ECONNREFUSED 127.0.0.1:27017","reason":{"commonWireVersion":0,"compatible":true,"heartbeatFrequencyMS":10000,"localThresholdMS":15,"logicalSessionTimeoutMinutes":null,"maxElectionId":null,"maxSetVersion":null,"servers":{"localhost:27017":{"$clusterTime":null,"address":"localhost:27017","arbiters":[],"electionId":null,"error":{"beforeHandshake":false,"errorLabelSet":{}},"hosts":[],"iscryptd":false,"lastUpdateTime":19742226,"lastWriteDate":0,"logicalSessionTimeoutMinutes":null,"maxBsonObjectSize":null,"maxMessageSizeBytes":null,"maxWireVersion":0,"maxWriteBatchSize":null,"me":null,"minRoundTripTime":0,"minWireVersion":0,"passives":[],"primary":null,"roundTripTime":-1,"setName":null,"setVersion":null,"tags":{},"topologyVersion":null,"type":"Unknown"}},"setName":null,"stale":false,"type":"Unknown"},"service":"securevote-api","stack":"MongooseServerSelectionError: connect ECONNREFUSED ::1:27017, connect ECONNREFUSED 127.0.0.1:27017\n    at _handleConnectionErrors (/Users/syedriyyan/block/voting_system/node_modules/.pnpm/mongoose@8.19.1/node_modules/mongoose/lib/connection.js:1165:11)\n    at NativeConnection.openUri (/Users/syedriyyan/block/voting_system/node_modules/.pnpm/mongoose@8.19.1/node_modules/mongoose/lib/connection.js:1096:11)\n    at async connectDatabase (/Users/syedriyyan/block/voting_system/apps/api/src/config/database.ts:15:5)\n    at async startServer (/Users/syedriyyan/block/voting_system/apps/api/src/index.ts:74:5)","timestamp":"2025-10-09 11:45:01"}
{"level":"info","message":"✅ MongoDB connected successfully","service":"securevote-api","timestamp":"2025-10-09 11:46:16"}
{"level":"info","message":"🚀 Server running on port 5001","service":"securevote-api","timestamp":"2025-10-09 11:46:16"}
{"level":"info","message":"📊 Environment: development","service":"securevote-api","timestamp":"2025-10-09 11:46:16"}
{"level":"info","message":"🔗 API: http://localhost:5001","service":"securevote-api","timestamp":"2025-10-09 11:46:16"}
{"level":"info","message":"✅ MongoDB connected successfully","service":"securevote-api","timestamp":"2025-10-09 11:47:17"}
{"level":"info","message":"🚀 Server running on port 5001","service":"securevote-api","timestamp":"2025-10-09 11:47:17"}
{"level":"info","message":"📊 Environment: development","service":"securevote-api","timestamp":"2025-10-09 11:47:17"}
{"level":"info","message":"🔗 API: http://localhost:5001","service":"securevote-api","timestamp":"2025-10-09 11:47:17"}
{"level":"warn","message":"MongoDB disconnected. Attempting to reconnect...","service":"securevote-api","timestamp":"2025-10-09 12:20:23"}
{"level":"warn","message":"MongoDB disconnected. Attempting to reconnect...","service":"securevote-api","timestamp":"2025-10-09 12:31:50"}
{"level":"warn","message":"MongoDB disconnected. Attempting to reconnect...","service":"securevote-api","timestamp":"2025-10-09 12:47:22"}
{"level":"warn","message":"MongoDB disconnected. Attempting to reconnect...","service":"securevote-api","timestamp":"2025-10-09 12:55:36"}
{"level":"warn","message":"MongoDB disconnected. Attempting to reconnect...","service":"securevote-api","timestamp":"2025-10-09 12:58:26"}
{"level":"warn","message":"MongoDB disconnected. Attempting to reconnect...","service":"securevote-api","timestamp":"2025-10-09 13:13:42"}
{"level":"warn","message":"MongoDB disconnected. Attempting to reconnect...","service":"securevote-api","timestamp":"2025-10-09 13:46:16"}
{"level":"warn","message":"MongoDB disconnected. Attempting to reconnect...","service":"securevote-api","timestamp":"2025-10-09 14:20:57"}
{"level":"warn","message":"MongoDB disconnected. Attempting to reconnect...","service":"securevote-api","timestamp":"2025-10-09 14:50:58"}
{"level":"warn","message":"MongoDB disconnected. Attempting to reconnect...","service":"securevote-api","timestamp":"2025-10-09 15:06:24"}
{"level":"warn","message":"MongoDB disconnected. Attempting to reconnect...","service":"securevote-api","timestamp":"2025-10-09 15:40:38"}
{"level":"warn","message":"MongoDB disconnected. Attempting to reconnect...","service":"securevote-api","timestamp":"2025-10-09 15:47:18"}
{"level":"warn","message":"MongoDB disconnected. Attempting to reconnect...","service":"securevote-api","timestamp":"2025-10-09 16:21:36"}
{"level":"warn","message":"MongoDB disconnected. Attempting to reconnect...","service":"securevote-api","timestamp":"2025-10-09 16:37:31"}
{"level":"warn","message":"MongoDB disconnected. Attempting to reconnect...","service":"securevote-api","timestamp":"2025-10-09 16:58:51"}
{"level":"warn","message":"MongoDB disconnected. Attempting to reconnect...","service":"securevote-api","timestamp":"2025-10-09 17:08:16"}
{"level":"warn","message":"MongoDB disconnected. Attempting to reconnect...","service":"securevote-api","timestamp":"2025-10-09 17:26:45"}
{"level":"warn","message":"MongoDB disconnected. Attempting to reconnect...","service":"securevote-api","timestamp":"2025-10-09 17:43:09"}
{"level":"info","message":"✅ MongoDB connected successfully","service":"securevote-api","timestamp":"2025-10-09 20:05:49"}
{"level":"info","message":"🚀 Server running on port 5001","service":"securevote-api","timestamp":"2025-10-09 20:05:49"}
{"level":"info","message":"📊 Environment: development","service":"securevote-api","timestamp":"2025-10-09 20:05:49"}
{"level":"info","message":"🔗 API: http://localhost:5001","service":"securevote-api","timestamp":"2025-10-09 20:05:49"}
{"level":"warn","message":"MongoDB disconnected. Attempting to reconnect...","service":"securevote-api","timestamp":"2025-10-09 20:24:36"}
{"level":"warn","message":"MongoDB disconnected. Attempting to reconnect...","service":"securevote-api","timestamp":"2025-10-09 20:36:58"}
{"level":"warn","message":"MongoDB disconnected. Attempting to reconnect...","service":"securevote-api","timestamp":"2025-10-09 20:53:35"}
{"level":"warn","message":"MongoDB disconnected. Attempting to reconnect...","service":"securevote-api","timestamp":"2025-10-09 21:31:41"}
{"level":"warn","message":"MongoDB disconnected. Attempting to reconnect...","service":"securevote-api","timestamp":"2025-10-09 21:49:22"}
{"level":"warn","message":"MongoDB disconnected. Attempting to reconnect...","service":"securevote-api","timestamp":"2025-10-09 22:00:32"}
{"level":"warn","message":"MongoDB disconnected. Attempting to reconnect...","service":"securevote-api","timestamp":"2025-10-09 22:20:18"}
{"level":"warn","message":"MongoDB disconnected. Attempting to reconnect...","service":"securevote-api","timestamp":"2025-10-09 22:52:03"}
{"level":"warn","message":"MongoDB disconnected. Attempting to reconnect...","service":"securevote-api","timestamp":"2025-10-09 23:14:57"}
{"level":"warn","message":"MongoDB disconnected. Attempting to reconnect...","service":"securevote-api","timestamp":"2025-10-10 00:03:05"}
{"level":"warn","message":"MongoDB disconnected. Attempting to reconnect...","service":"securevote-api","timestamp":"2025-10-10 00:53:49"}
{"level":"warn","message":"MongoDB disconnected. Attempting to reconnect...","service":"securevote-api","timestamp":"2025-10-10 01:14:52"}
{"level":"warn","message":"MongoDB disconnected. Attempting to reconnect...","service":"securevote-api","timestamp":"2025-10-10 02:04:55"}
{"level":"warn","message":"MongoDB disconnected. Attempting to reconnect...","service":"securevote-api","timestamp":"2025-10-10 02:39:21"}
{"level":"warn","message":"MongoDB disconnected. Attempting to reconnect...","service":"securevote-api","timestamp":"2025-10-10 03:11:16"}
{"level":"warn","message":"MongoDB disconnected. Attempting to reconnect...","service":"securevote-api","timestamp":"2025-10-10 03:45:36"}
{"level":"warn","message":"MongoDB disconnected. Attempting to reconnect...","service":"securevote-api","timestamp":"2025-10-10 04:18:37"}
{"level":"warn","message":"MongoDB disconnected. Attempting to reconnect...","service":"securevote-api","timestamp":"2025-10-10 04:50:04"}
{"level":"warn","message":"MongoDB disconnected. Attempting to reconnect...","service":"securevote-api","timestamp":"2025-10-10 05:08:46"}
{"level":"warn","message":"MongoDB disconnected. Attempting to reconnect...","service":"securevote-api","timestamp":"2025-10-10 05:42:59"}
{"level":"warn","message":"MongoDB disconnected. Attempting to reconnect...","service":"securevote-api","timestamp":"2025-10-10 06:14:45"}
{"level":"warn","message":"MongoDB disconnected. Attempting to reconnect...","service":"securevote-api","timestamp":"2025-10-10 06:48:42"}
{"level":"warn","message":"MongoDB disconnected. Attempting to reconnect...","service":"securevote-api","timestamp":"2025-10-10 07:09:17"}
{"level":"warn","message":"MongoDB disconnected. Attempting to reconnect...","service":"securevote-api","timestamp":"2025-10-10 07:41:05"}
{"level":"warn","message":"MongoDB disconnected. Attempting to reconnect...","service":"securevote-api","timestamp":"2025-10-10 07:53:34"}
{"level":"warn","message":"MongoDB disconnected. Attempting to reconnect...","service":"securevote-api","timestamp":"2025-10-10 08:24:45"}
{"level":"warn","message":"MongoDB disconnected. Attempting to reconnect...","service":"securevote-api","timestamp":"2025-10-10 08:54:34"}
{"level":"warn","message":"MongoDB disconnected. Attempting to reconnect...","service":"securevote-api","timestamp":"2025-10-10 09:22:48"}
{"level":"info","message":"✅ MongoDB connected successfully","service":"securevote-api","timestamp":"2025-10-10 09:47:36"}
{"level":"info","message":"🚀 Server running on port 5001","service":"securevote-api","timestamp":"2025-10-10 09:47:36"}
{"level":"info","message":"📊 Environment: development","service":"securevote-api","timestamp":"2025-10-10 09:47:36"}
{"level":"info","message":"🔗 API: http://localhost:5001","service":"securevote-api","timestamp":"2025-10-10 09:47:36"}
{"level":"warn","message":"MongoDB disconnected. Attempting to reconnect...","service":"securevote-api","timestamp":"2025-10-10 10:42:13"}
{"level":"warn","message":"MongoDB disconnected. Attempting to reconnect...","service":"securevote-api","timestamp":"2025-10-10 11:32:01"}
{"level":"warn","message":"MongoDB disconnected. Attempting to reconnect...","service":"securevote-api","timestamp":"2025-10-10 12:04:52"}
{"level":"warn","message":"MongoDB disconnected. Attempting to reconnect...","service":"securevote-api","timestamp":"2025-10-10 12:20:31"}
{"level":"warn","message":"MongoDB disconnected. Attempting to reconnect...","service":"securevote-api","timestamp":"2025-10-10 12:43:43"}
{"level":"warn","message":"MongoDB disconnected. Attempting to reconnect...","service":"securevote-api","timestamp":"2025-10-10 13:24:51"}
{"level":"warn","message":"MongoDB disconnected. Attempting to reconnect...","service":"securevote-api","timestamp":"2025-10-10 13:44:52"}
{"level":"warn","message":"MongoDB disconnected. Attempting to reconnect...","service":"securevote-api","timestamp":"2025-10-10 14:05:20"}
{"level":"warn","message":"MongoDB disconnected. Attempting to reconnect...","service":"securevote-api","timestamp":"2025-10-10 14:45:05"}
{"level":"warn","message":"MongoDB disconnected. Attempting to reconnect...","service":"securevote-api","timestamp":"2025-10-10 15:16:36"}
{"level":"warn","message":"MongoDB disconnected. Attempting to reconnect...","service":"securevote-api","timestamp":"2025-10-10 15:49:32"}
{"level":"warn","message":"MongoDB disconnected. Attempting to reconnect...","service":"securevote-api","timestamp":"2025-10-10 16:00:55"}
{"level":"warn","message":"MongoDB disconnected. Attempting to reconnect...","service":"securevote-api","timestamp":"2025-10-10 16:17:02"}
{"level":"warn","message":"MongoDB disconnected. Attempting to reconnect...","service":"securevote-api","timestamp":"2025-10-10 16:48:00"}
{"level":"warn","message":"MongoDB disconnected. Attempting to reconnect...","service":"securevote-api","timestamp":"2025-10-10 17:14:13"}
{"level":"warn","message":"MongoDB disconnected. Attempting to reconnect...","service":"securevote-api","timestamp":"2025-10-10 17:47:29"}
{"level":"warn","message":"MongoDB disconnected. Attempting to reconnect...","service":"securevote-api","timestamp":"2025-10-10 17:52:14"}
{"level":"warn","message":"MongoDB disconnected. Attempting to reconnect...","service":"securevote-api","timestamp":"2025-10-10 18:31:12"}
{"level":"info","message":"✅ MongoDB connected successfully","service":"securevote-api","timestamp":"2025-10-10 18:48:50"}
